c:\users\14242\source\repos\橘\客户端\x64\release\vc143.pdb
c:\users\14242\source\repos\橘\客户端\x64\release\reqtable.obj
c:\users\14242\source\repos\橘\客户端\x64\release\main.obj
c:\users\14242\source\repos\橘\客户端\x64\release\client.obj
c:\users\14242\source\repos\橘\客户端\x64\release\net_c.obj
c:\users\14242\source\repos\橘\客户端\x64\release\cmdparse_c.obj
c:\users\14242\source\repos\橘\客户端\x64\release\auxfunc.obj
c:\users\14242\source\repos\橘\客户端\x64\release\orange.exe
c:\users\14242\source\repos\橘\客户端\x64\release\orange.pdb
c:\users\14242\source\repos\橘\客户端\x64\release\orange.ipdb
c:\users\14242\source\repos\橘\客户端\x64\release\orange.iobj
c:\users\14242\source\repos\橘\客户端\x64\release\orange.res
c:\users\14242\source\repos\橘\客户端\x64\release\orange.tlog\cl.command.1.tlog
c:\users\14242\source\repos\橘\客户端\x64\release\orange.tlog\cl.read.1.tlog
c:\users\14242\source\repos\橘\客户端\x64\release\orange.tlog\cl.write.1.tlog
c:\users\14242\source\repos\橘\客户端\x64\release\orange.tlog\link.command.1.tlog
c:\users\14242\source\repos\橘\客户端\x64\release\orange.tlog\link.read.1.tlog
c:\users\14242\source\repos\橘\客户端\x64\release\orange.tlog\link.write.1.tlog
c:\users\14242\source\repos\橘\客户端\x64\release\orange.tlog\orange.write.1u.tlog
c:\users\14242\source\repos\橘\客户端\x64\release\orange.tlog\rc.command.1.tlog
c:\users\14242\source\repos\橘\客户端\x64\release\orange.tlog\rc.read.1.tlog
c:\users\14242\source\repos\橘\客户端\x64\release\orange.tlog\rc.write.1.tlog
